<?xml version="1.0" encoding="UTF-8"?>
<!-- Generated by org.testng.reporters.JUnitReportReporter -->
<testsuite hostname="DESKTOP-K9ELMI9" failures="0" tests="1" name="Sprint6.AllGiftCards" time="43.840" errors="0" timestamp="2024-05-06T16:56:49 IST" skipped="0">
  <testcase classname="Sprint6.AllGiftCards" name="sample24" time="43.840"/>
  <system-out/>
</testsuite> <!-- Sprint6.AllGiftCards -->
