<?xml version="1.0" encoding="UTF-8"?>
<!-- Generated by org.testng.reporters.JUnitReportReporter -->
<testsuite hostname="DESKTOP-K9ELMI9" failures="0" tests="1" name="Sprint01.Login" time="21.804" errors="0" timestamp="2024-05-15T12:59:55 IST" skipped="0">
  <testcase classname="Sprint01.Login" name="sample1" time="21.804"/>
  <system-out/>
</testsuite> <!-- Sprint01.Login -->
