<?xml version="1.0" encoding="UTF-8"?>
<!-- Generated by org.testng.reporters.JUnitReportReporter -->
<testsuite hostname="DESKTOP-K9ELMI9" failures="0" tests="1" name="Sprint1.LoginAndLogout" time="12.617" errors="0" timestamp="2024-05-03T12:32:57 IST" skipped="0">
  <testcase classname="Sprint1.LoginAndLogout" name="sample1" time="12.617"/>
  <system-out/>
</testsuite> <!-- Sprint1.LoginAndLogout -->
