<?xml version="1.0" encoding="UTF-8"?>
<!-- Generated by org.testng.reporters.JUnitReportReporter -->
<testsuite hostname="DESKTOP-K9ELMI9" failures="0" tests="1" name="Sprint06.GiftCards" time="30.206" errors="0" timestamp="2024-05-18T10:34:32 IST" skipped="0">
  <testcase classname="Sprint06.GiftCards" name="sample23" time="30.206"/>
  <system-out/>
</testsuite> <!-- Sprint06.GiftCards -->
