<?xml version="1.0" encoding="UTF-8"?>
<!-- Generated by org.testng.reporters.JUnitReportReporter -->
<testsuite hostname="DESKTOP-K9ELMI9" failures="0" tests="1" name="Sprint05.AdminCoupons" time="44.203" errors="0" timestamp="2024-05-18T10:27:40 IST" skipped="0">
  <testcase classname="Sprint05.AdminCoupons" name="sample22" time="44.203"/>
  <system-out/>
</testsuite> <!-- Sprint05.AdminCoupons -->
