<?xml version="1.0" encoding="UTF-8"?>
<!-- Generated by org.testng.reporters.JUnitReportReporter -->
<testsuite hostname="DESKTOP-K9ELMI9" failures="0" tests="1" name="Sprint09.Trading" time="24.111" errors="0" timestamp="2024-05-18T11:37:48 IST" skipped="0">
  <testcase classname="Sprint09.Trading" name="sample27" time="24.111"/>
  <system-out/>
</testsuite> <!-- Sprint09.Trading -->
