<?xml version="1.0" encoding="UTF-8"?>
<!-- Generated by org.testng.reporters.JUnitReportReporter -->
<testsuite hostname="DESKTOP-K9ELMI9" failures="0" tests="1" name="Sprint3.Brands" time="54.308" errors="0" timestamp="2024-05-06T10:33:59 IST" skipped="0">
  <testcase classname="Sprint3.Brands" name="sample13" time="54.308"/>
  <system-out/>
</testsuite> <!-- Sprint3.Brands -->
