<?xml version="1.0" encoding="UTF-8"?>
<!-- Generated by org.testng.reporters.JUnitReportReporter -->
<testsuite hostname="DESKTOP-K9ELMI9" failures="0" tests="1" name="Sprint12.FmsUsers" time="39.913" errors="0" timestamp="2024-05-18T13:11:26 IST" skipped="0">
  <testcase classname="Sprint12.FmsUsers" name="sample36" time="39.913"/>
  <system-out/>
</testsuite> <!-- Sprint12.FmsUsers -->
