<?xml version="1.0" encoding="UTF-8"?>
<!-- Generated by org.testng.reporters.JUnitReportReporter -->
<testsuite hostname="DESKTOP-K9ELMI9" failures="0" tests="1" name="Sprint3.EcommerceOrders" time="41.042" errors="0" timestamp="2024-05-06T12:40:57 IST" skipped="0">
  <testcase classname="Sprint3.EcommerceOrders" name="sample14" time="41.042"/>
  <system-out/>
</testsuite> <!-- Sprint3.EcommerceOrders -->
