<?xml version="1.0" encoding="UTF-8"?>
<!-- Generated by org.testng.reporters.JUnitReportReporter -->
<testsuite hostname="DESKTOP-K9ELMI9" failures="0" tests="1" name="Sprint03.EcommerceOrders" time="51.571" errors="0" timestamp="2024-05-17T11:28:14 IST" skipped="0">
  <testcase classname="Sprint03.EcommerceOrders" name="sample15" time="51.571"/>
  <system-out/>
</testsuite> <!-- Sprint03.EcommerceOrders -->
