<?xml version="1.0" encoding="UTF-8"?>
<!-- Generated by org.testng.reporters.JUnitReportReporter -->
<testsuite hostname="DESKTOP-K9ELMI9" failures="0" tests="1" name="Sprint06.AllGiftCards" time="40.127" errors="0" timestamp="2024-05-18T10:44:15 IST" skipped="0">
  <testcase classname="Sprint06.AllGiftCards" name="sample24" time="40.127"/>
  <system-out/>
</testsuite> <!-- Sprint06.AllGiftCards -->
