<?xml version="1.0" encoding="UTF-8"?>
<!-- Generated by org.testng.reporters.JUnitReportReporter -->
<testsuite hostname="DESKTOP-K9ELMI9" failures="0" tests="1" name="Sprint4.Banners" time="31.206" errors="0" timestamp="2024-05-06T11:32:20 IST" skipped="0">
  <testcase classname="Sprint4.Banners" name="sample16" time="31.206"/>
  <system-out/>
</testsuite> <!-- Sprint4.Banners -->
