<?xml version="1.0" encoding="UTF-8"?>
<!-- Generated by org.testng.reporters.JUnitReportReporter -->
<testsuite hostname="DESKTOP-K9ELMI9" failures="0" tests="1" name="Sprint9.Trading" time="26.498" errors="0" timestamp="2024-05-06T17:14:49 IST" skipped="0">
  <testcase classname="Sprint9.Trading" name="sample27" time="26.498"/>
  <system-out/>
</testsuite> <!-- Sprint9.Trading -->
