<?xml version="1.0" encoding="UTF-8"?>
<!-- Generated by org.testng.reporters.JUnitReportReporter -->
<testsuite hostname="DESKTOP-K9ELMI9" failures="0" tests="1" name="Sprint04.EcomBanners" time="46.176" errors="0" timestamp="2024-05-17T16:04:24 IST" skipped="0">
  <testcase classname="Sprint04.EcomBanners" name="sample19" time="46.176"/>
  <system-out/>
</testsuite> <!-- Sprint04.EcomBanners -->
