<?xml version="1.0" encoding="UTF-8"?>
<!-- Generated by org.testng.reporters.JUnitReportReporter -->
<testsuite hostname="DESKTOP-K9ELMI9" failures="0" tests="1" name="Sprint01.UsersList" time="24.760" errors="0" timestamp="2024-05-15T15:29:25 IST" skipped="0">
  <testcase classname="Sprint01.UsersList" name="sample3" time="24.760"/>
  <system-out/>
</testsuite> <!-- Sprint01.UsersList -->
