<?xml version="1.0" encoding="UTF-8"?>
<!-- Generated by org.testng.reporters.JUnitReportReporter -->
<testsuite hostname="DESKTOP-K9ELMI9" failures="0" tests="1" name="Sprint3.Category" time="37.328" errors="0" timestamp="2024-05-04T15:55:42 IST" skipped="0">
  <testcase classname="Sprint3.Category" name="sample10" time="37.328"/>
  <system-out/>
</testsuite> <!-- Sprint3.Category -->
