<?xml version="1.0" encoding="UTF-8"?>
<!-- Generated by org.testng.reporters.JUnitReportReporter -->
<testsuite hostname="DESKTOP-K9ELMI9" failures="0" tests="1" name="Sprint3.Products" time="73.730" errors="0" timestamp="2024-05-04T18:03:09 IST" skipped="0">
  <testcase classname="Sprint3.Products" name="sample12" time="73.730"/>
  <system-out/>
</testsuite> <!-- Sprint3.Products -->
