<?xml version="1.0" encoding="UTF-8"?>
<!-- Generated by org.testng.reporters.JUnitReportReporter -->
<testsuite hostname="DESKTOP-K9ELMI9" failures="0" tests="1" name="Sprint7.Notifications" time="34.591" errors="0" timestamp="2024-05-06T16:30:03 IST" skipped="0">
  <testcase classname="Sprint7.Notifications" name="sample25" time="34.591"/>
  <system-out/>
</testsuite> <!-- Sprint7.Notifications -->
