<?xml version="1.0" encoding="UTF-8"?>
<!-- Generated by org.testng.reporters.JUnitReportReporter -->
<testsuite hostname="DESKTOP-K9ELMI9" failures="0" tests="1" name="Sprint05.Coupons" time="19.901" errors="0" timestamp="2024-05-17T17:21:29 IST" skipped="0">
  <testcase classname="Sprint05.Coupons" name="sample20" time="19.901"/>
  <system-out/>
</testsuite> <!-- Sprint05.Coupons -->
