<?xml version="1.0" encoding="UTF-8"?>
<!-- Generated by org.testng.reporters.JUnitReportReporter -->
<testsuite hostname="DESKTOP-K9ELMI9" failures="0" tests="1" name="Sprint1.SchemeUsers" time="30.087" errors="0" timestamp="2024-05-04T10:44:48 IST" skipped="0">
  <testcase classname="Sprint1.SchemeUsers" name="sample3" time="30.087"/>
  <system-out/>
</testsuite> <!-- Sprint1.SchemeUsers -->
