<?xml version="1.0" encoding="UTF-8"?>
<!-- Generated by org.testng.reporters.JUnitReportReporter -->
<testsuite hostname="DESKTOP-K9ELMI9" failures="0" tests="1" name="Sprint03.Ecommerce" time="25.395" errors="0" timestamp="2024-05-16T10:59:13 IST" skipped="0">
  <testcase classname="Sprint03.Ecommerce" name="sample10" time="25.395"/>
  <system-out/>
</testsuite> <!-- Sprint03.Ecommerce -->
