<?xml version="1.0" encoding="UTF-8"?>
<!-- Generated by org.testng.reporters.JUnitReportReporter -->
<testsuite hostname="DESKTOP-K9ELMI9" failures="0" tests="1" name="Sprint04.MainBanners" time="49.215" errors="0" timestamp="2024-05-17T14:31:39 IST" skipped="0">
  <testcase classname="Sprint04.MainBanners" name="sample17" time="49.215"/>
  <system-out/>
</testsuite> <!-- Sprint04.MainBanners -->
