<?xml version="1.0" encoding="UTF-8"?>
<!-- Generated by org.testng.reporters.JUnitReportReporter -->
<testsuite hostname="DESKTOP-K9ELMI9" failures="0" tests="1" name="Sprint1.Login" time="13.146" errors="0" timestamp="2024-05-03T14:26:24 IST" skipped="0">
  <testcase classname="Sprint1.Login" name="sample1" time="13.146"/>
  <system-out/>
</testsuite> <!-- Sprint1.Login -->
