<?xml version="1.0" encoding="UTF-8"?>
<!-- Generated by org.testng.reporters.JUnitReportReporter -->
<testsuite hostname="DESKTOP-K9ELMI9" failures="0" tests="1" name="Sprint05.CouponsList" time="40.321" errors="0" timestamp="2024-05-17T17:32:28 IST" skipped="0">
  <testcase classname="Sprint05.CouponsList" name="sample21" time="40.321"/>
  <system-out/>
</testsuite> <!-- Sprint05.CouponsList -->
