<?xml version="1.0" encoding="UTF-8"?>
<!-- Generated by org.testng.reporters.JUnitReportReporter -->
<testsuite hostname="DESKTOP-K9ELMI9" failures="0" tests="1" name="Sprint3.SubCategory" time="41.702" errors="0" timestamp="2024-05-04T17:16:39 IST" skipped="0">
  <testcase classname="Sprint3.SubCategory" name="sample11" time="41.702"/>
  <system-out/>
</testsuite> <!-- Sprint3.SubCategory -->
