<?xml version="1.0" encoding="UTF-8"?>
<!-- Generated by org.testng.reporters.JUnitReportReporter -->
<testsuite hostname="DESKTOP-K9ELMI9" failures="0" tests="1" name="Sprint5.CouponsList" time="44.903" errors="0" timestamp="2024-05-06T14:30:31 IST" skipped="0">
  <testcase classname="Sprint5.CouponsList" name="sample21" time="44.903"/>
  <system-out/>
</testsuite> <!-- Sprint5.CouponsList -->
