<?xml version="1.0" encoding="UTF-8"?>
<!-- Generated by org.testng.reporters.JUnitReportReporter -->
<testsuite hostname="DESKTOP-K9ELMI9" failures="0" tests="1" name="Sprint03.SubCategory" time="53.664" errors="0" timestamp="2024-05-16T11:23:28 IST" skipped="0">
  <testcase classname="Sprint03.SubCategory" name="sample12" time="53.664"/>
  <system-out/>
</testsuite> <!-- Sprint03.SubCategory -->
