<?xml version="1.0" encoding="UTF-8"?>
<!-- Generated by org.testng.reporters.JUnitReportReporter -->
<testsuite hostname="DESKTOP-K9ELMI9" failures="0" tests="1" name="Sprint1.Browser" time="1.879" errors="0" timestamp="2024-05-03T14:24:25 IST" skipped="0">
  <testcase classname="Sprint1.Browser" name="browserLaunch" time="1.879"/>
  <system-out/>
</testsuite> <!-- Sprint1.Browser -->
