<?xml version="1.0" encoding="UTF-8"?>
<!-- Generated by org.testng.reporters.JUnitReportReporter -->
<testsuite hostname="DESKTOP-K9ELMI9" failures="0" tests="1" name="Sprint03.EcomTransactions" time="42.452" errors="0" timestamp="2024-05-17T11:39:37 IST" skipped="0">
  <testcase classname="Sprint03.EcomTransactions" name="sample16" time="42.452"/>
  <system-out/>
</testsuite> <!-- Sprint03.EcomTransactions -->
