<?xml version="1.0" encoding="UTF-8"?>
<!-- Generated by org.testng.reporters.JUnitReportReporter -->
<testsuite hostname="DESKTOP-K9ELMI9" failures="0" tests="1" name="Sprint4.EcomBanners" time="40.771" errors="0" timestamp="2024-05-06T13:43:46 IST" skipped="0">
  <testcase classname="Sprint4.EcomBanners" name="sample19" time="40.771"/>
  <system-out/>
</testsuite> <!-- Sprint4.EcomBanners -->
