<?xml version="1.0" encoding="UTF-8"?>
<!-- Generated by org.testng.reporters.JUnitReportReporter -->
<testsuite hostname="DESKTOP-K9ELMI9" failures="0" tests="1" name="Sprint02.BuyGold" time="37.177" errors="0" timestamp="2024-05-16T10:53:11 IST" skipped="0">
  <testcase classname="Sprint02.BuyGold" name="sample9" time="37.177"/>
  <system-out/>
</testsuite> <!-- Sprint02.BuyGold -->
