<?xml version="1.0" encoding="UTF-8"?>
<!-- Generated by org.testng.reporters.JUnitReportReporter -->
<testsuite hostname="DESKTOP-K9ELMI9" failures="0" tests="1" name="Sprint11.TransactionReport" time="31.104" errors="0" timestamp="2024-05-18T12:09:07 IST" skipped="0">
  <testcase classname="Sprint11.TransactionReport" name="sample30" time="31.104"/>
  <system-out/>
</testsuite> <!-- Sprint11.TransactionReport -->
