<?xml version="1.0" encoding="UTF-8"?>
<!-- Generated by org.testng.reporters.JUnitReportReporter -->
<testsuite hostname="DESKTOP-K9ELMI9" failures="0" tests="1" name="Sprint12.AppManagement" time="26.298" errors="0" timestamp="2024-05-18T12:33:49 IST" skipped="0">
  <testcase classname="Sprint12.AppManagement" name="sample33" time="26.298"/>
  <system-out/>
</testsuite> <!-- Sprint12.AppManagement -->
