<?xml version="1.0" encoding="UTF-8"?>
<!-- Generated by org.testng.reporters.JUnitReportReporter -->
<testsuite hostname="DESKTOP-K9ELMI9" failures="0" tests="1" name="Sprint01.Users" time="14.650" errors="0" timestamp="2024-05-15T15:13:31 IST" skipped="0">
  <testcase classname="Sprint01.Users" name="sample2" time="14.650"/>
  <system-out/>
</testsuite> <!-- Sprint01.Users -->
