<?xml version="1.0" encoding="UTF-8"?>
<!-- Generated by org.testng.reporters.JUnitReportReporter -->
<testsuite hostname="DESKTOP-K9ELMI9" failures="0" tests="1" name="Sprint12.Settings" time="21.247" errors="0" timestamp="2024-05-18T12:24:02 IST" skipped="0">
  <testcase classname="Sprint12.Settings" name="sample31" time="21.247"/>
  <system-out/>
</testsuite> <!-- Sprint12.Settings -->
