<?xml version="1.0" encoding="UTF-8"?>
<!-- Generated by org.testng.reporters.JUnitReportReporter -->
<testsuite hostname="DESKTOP-K9ELMI9" failures="0" tests="1" name="Sprint2.BuyGold" time="36.857" errors="0" timestamp="2024-05-04T16:55:22 IST" skipped="0">
  <testcase classname="Sprint2.BuyGold" name="sample8" time="36.857"/>
  <system-out/>
</testsuite> <!-- Sprint2.BuyGold -->
