<?xml version="1.0" encoding="UTF-8"?>
<!-- Generated by org.testng.reporters.JUnitReportReporter -->
<testsuite hostname="DESKTOP-K9ELMI9" failures="0" tests="1" name="Sprint12.OtpList" time="30.841" errors="0" timestamp="2024-05-18T12:29:13 IST" skipped="0">
  <testcase classname="Sprint12.OtpList" name="sample32" time="30.841"/>
  <system-out/>
</testsuite> <!-- Sprint12.OtpList -->
