<?xml version="1.0" encoding="UTF-8"?>
<!-- Generated by org.testng.reporters.JUnitReportReporter -->
<testsuite hostname="DESKTOP-K9ELMI9" failures="0" tests="1" name="Sprint11.LedgerReports" time="38.057" errors="0" timestamp="2024-05-18T11:57:05 IST" skipped="0">
  <testcase classname="Sprint11.LedgerReports" name="sample29" time="38.057"/>
  <system-out/>
</testsuite> <!-- Sprint11.LedgerReports -->
