<?xml version="1.0" encoding="UTF-8"?>
<!-- Generated by org.testng.reporters.JUnitReportReporter -->
<testsuite hostname="DESKTOP-K9ELMI9" failures="0" tests="1" name="Sprint1.BuyGold" time="40.357" errors="0" timestamp="2024-05-04T11:32:45 IST" skipped="0">
  <testcase classname="Sprint1.BuyGold" name="sample4" time="40.357"/>
  <system-out/>
</testsuite> <!-- Sprint1.BuyGold -->
