<?xml version="1.0" encoding="UTF-8"?>
<!-- Generated by org.testng.reporters.JUnitReportReporter -->
<testsuite hostname="DESKTOP-K9ELMI9" failures="0" tests="1" name="Sprint08.Transactions" time="23.133" errors="0" timestamp="2024-05-18T11:33:55 IST" skipped="0">
  <testcase classname="Sprint08.Transactions" name="sample26" time="23.133"/>
  <system-out/>
</testsuite> <!-- Sprint08.Transactions -->
