<?xml version="1.0" encoding="UTF-8"?>
<!-- Generated by org.testng.reporters.JUnitReportReporter -->
<testsuite hostname="DESKTOP-K9ELMI9" failures="0" tests="1" name="Sprint04.Banners" time="15.418" errors="0" timestamp="2024-05-11T16:59:39 IST" skipped="0">
  <testcase classname="Sprint04.Banners" name="sample16" time="15.418"/>
  <system-out/>
</testsuite> <!-- Sprint04.Banners -->
