<?xml version="1.0" encoding="UTF-8"?>
<!-- Generated by org.testng.reporters.JUnitReportReporter -->
<testsuite hostname="DESKTOP-K9ELMI9" failures="0" tests="1" name="Sprint07.Notifications" time="59.690" errors="0" timestamp="2024-05-18T11:25:03 IST" skipped="0">
  <testcase classname="Sprint07.Notifications" name="sample25" time="59.690"/>
  <system-out/>
</testsuite> <!-- Sprint07.Notifications -->
