<?xml version="1.0" encoding="UTF-8"?>
<!-- Generated by org.testng.reporters.JUnitReportReporter -->
<testsuite hostname="DESKTOP-K9ELMI9" failures="0" tests="1" name="Sprint01.UserKyc" time="29.023" errors="0" timestamp="2024-05-15T14:05:10 IST" skipped="0">
  <testcase classname="Sprint01.UserKyc" name="sample4" time="29.023"/>
  <system-out/>
</testsuite> <!-- Sprint01.UserKyc -->
