<?xml version="1.0" encoding="UTF-8"?>
<!-- Generated by org.testng.reporters.JUnitReportReporter -->
<testsuite hostname="DESKTOP-K9ELMI9" failures="0" tests="1" name="Sprint4.SplashBanners" time="34.904" errors="0" timestamp="2024-05-06T13:02:41 IST" skipped="0">
  <testcase classname="Sprint4.SplashBanners" name="sample18" time="34.904"/>
  <system-out/>
</testsuite> <!-- Sprint4.SplashBanners -->
