<?xml version="1.0" encoding="UTF-8"?>
<!-- Generated by org.testng.reporters.JUnitReportReporter -->
<testsuite hostname="DESKTOP-K9ELMI9" failures="0" tests="1" name="Sprint10.Events" time="51.514" errors="0" timestamp="2024-05-18T11:43:03 IST" skipped="0">
  <testcase classname="Sprint10.Events" name="sample28" time="51.514"/>
  <system-out/>
</testsuite> <!-- Sprint10.Events -->
