<?xml version="1.0" encoding="UTF-8"?>
<!-- Generated by org.testng.reporters.JUnitReportReporter -->
<testsuite hostname="DESKTOP-K9ELMI9" failures="0" tests="1" name="Sprint6.GiftCards" time="43.835" errors="0" timestamp="2024-05-06T15:04:18 IST" skipped="0">
  <testcase classname="Sprint6.GiftCards" name="sample23" time="43.835"/>
  <system-out/>
</testsuite> <!-- Sprint6.GiftCards -->
