<?xml version="1.0" encoding="UTF-8"?>
<!-- Generated by org.testng.reporters.JUnitReportReporter -->
<testsuite hostname="DESKTOP-K9ELMI9" failures="0" tests="1" name="Sprint8.Transactions" time="25.223" errors="0" timestamp="2024-05-06T17:07:19 IST" skipped="0">
  <testcase classname="Sprint8.Transactions" name="sample26" time="25.223"/>
  <system-out/>
</testsuite> <!-- Sprint8.Transactions -->
