<?xml version="1.0" encoding="UTF-8"?>
<!-- Generated by org.testng.reporters.JUnitReportReporter -->
<testsuite hostname="DESKTOP-K9ELMI9" failures="0" tests="1" name="Sprint03.Products" time="71.969" errors="0" timestamp="2024-05-16T12:18:34 IST" skipped="0">
  <testcase classname="Sprint03.Products" name="sample13" time="71.969"/>
  <system-out/>
</testsuite> <!-- Sprint03.Products -->
