<?xml version="1.0" encoding="UTF-8"?>
<!-- Generated by org.testng.reporters.JUnitReportReporter -->
<testsuite hostname="DESKTOP-K9ELMI9" failures="0" tests="1" name="Sprint3.EcomTransactions" time="32.470" errors="0" timestamp="2024-05-06T11:24:21 IST" skipped="0">
  <testcase classname="Sprint3.EcomTransactions" name="sample15" time="32.470"/>
  <system-out/>
</testsuite> <!-- Sprint3.EcomTransactions -->
