<?xml version="1.0" encoding="UTF-8"?>
<!-- Generated by org.testng.reporters.JUnitReportReporter -->
<testsuite hostname="DESKTOP-K9ELMI9" failures="0" tests="1" name="Sprint4.MainBanners" time="35.017" errors="0" timestamp="2024-05-06T13:01:46 IST" skipped="0">
  <testcase classname="Sprint4.MainBanners" name="sample17" time="35.017"/>
  <system-out/>
</testsuite> <!-- Sprint4.MainBanners -->
