<?xml version="1.0" encoding="UTF-8"?>
<!-- Generated by org.testng.reporters.JUnitReportReporter -->
<testsuite hostname="DESKTOP-K9ELMI9" failures="0" tests="1" name="Sprint04.SplashBanners" time="54.411" errors="0" timestamp="2024-05-17T14:47:34 IST" skipped="0">
  <testcase classname="Sprint04.SplashBanners" name="sample18" time="54.411"/>
  <system-out/>
</testsuite> <!-- Sprint04.SplashBanners -->
