<?xml version="1.0" encoding="UTF-8"?>
<!-- Generated by org.testng.reporters.JUnitReportReporter -->
<testsuite hostname="DESKTOP-K9ELMI9" failures="0" tests="1" name="Sprint2.SchemeList" time="46.779" errors="0" timestamp="2024-05-04T17:01:36 IST" skipped="0">
  <testcase classname="Sprint2.SchemeList" name="sample6" time="46.779"/>
  <system-out/>
</testsuite> <!-- Sprint2.SchemeList -->
