<?xml version="1.0" encoding="UTF-8"?>
<!-- Generated by org.testng.reporters.JUnitReportReporter -->
<testsuite hostname="DESKTOP-K9ELMI9" failures="0" tests="1" name="Sprint02.Schemes" time="18.747" errors="0" timestamp="2024-05-15T16:03:07 IST" skipped="0">
  <testcase classname="Sprint02.Schemes" name="sample6" time="18.747"/>
  <system-out/>
</testsuite> <!-- Sprint02.Schemes -->
