<?xml version="1.0" encoding="UTF-8"?>
<!-- Generated by org.testng.reporters.JUnitReportReporter -->
<testsuite hostname="DESKTOP-K9ELMI9" failures="0" tests="1" name="Sprint1.Users" time="43.174" errors="0" timestamp="2024-05-03T16:45:20 IST" skipped="0">
  <testcase classname="Sprint1.Users" name="sample2" time="43.174"/>
  <system-out/>
</testsuite> <!-- Sprint1.Users -->
