<?xml version="1.0" encoding="UTF-8"?>
<!-- Generated by org.testng.reporters.JUnitReportReporter -->
<testsuite hostname="DESKTOP-K9ELMI9" failures="0" tests="1" name="Sprint01.RedeemGoldUsers" time="28.710" errors="0" timestamp="2024-05-15T15:51:40 IST" skipped="0">
  <testcase classname="Sprint01.RedeemGoldUsers" name="sample5" time="28.710"/>
  <system-out/>
</testsuite> <!-- Sprint01.RedeemGoldUsers -->
